[    0.000000] Initializing cgroup subsys cpuset
[    0.000000] Initializing cgroup subsys cpu
[    0.000000] Initializing cgroup subsys cpuacct
[    0.000000] Linux version 4.4.0-146-generic (buildd@lcy01-amd64-025) (gcc version 5.4.0 20160609 (Ubuntu 5.4.0-6ubuntu1~16.04.10) ) #172-Ubuntu SMP Wed Apr 3 09:00:08 UTC 2019 (Ubuntu 4.4.0-146.172-generic 4.4.177)
[    0.000000] Command line: BOOT_IMAGE=/boot/vmlinuz-4.4.0-146-generic root=LABEL=cloudimg-rootfs ro console=tty1 console=ttyS0
[    0.000000] KERNEL supported cpus:
[    0.000000]   Intel GenuineIntel
[    0.000000]   AMD AuthenticAMD
[    0.000000]   Centaur CentaurHauls
[    0.000000] x86/fpu: xstate_offset[2]:  576, xstate_sizes[2]:  256
[    0.000000] x86/fpu: Supporting XSAVE feature 0x01: 'x87 floating point registers'
[    0.000000] x86/fpu: Supporting XSAVE feature 0x02: 'SSE registers'
[    0.000000] x86/fpu: Supporting XSAVE feature 0x04: 'AVX registers'
[    0.000000] x86/fpu: Enabled xstate features 0x7, context size is 832 bytes, using 'standard' format.
[    0.000000] e820: BIOS-provided physical RAM map:
[    0.000000] BIOS-e820: [mem 0x0000000000000000-0x000000000009fbff] usable
[    0.000000] BIOS-e820: [mem 0x000000000009fc00-0x000000000009ffff] reserved
[    0.000000] BIOS-e820: [mem 0x00000000000f0000-0x00000000000fffff] reserved
[    0.000000] BIOS-e820: [mem 0x0000000000100000-0x000000003ffeffff] usable
[    0.000000] BIOS-e820: [mem 0x000000003fff0000-0x000000003fffffff] ACPI data
[    0.000000] BIOS-e820: [mem 0x00000000fec00000-0x00000000fec00fff] reserved
[    0.000000] BIOS-e820: [mem 0x00000000fee00000-0x00000000fee00fff] reserved
[    0.000000] BIOS-e820: [mem 0x00000000fffc0000-0x00000000ffffffff] reserved
[    0.000000] NX (Execute Disable) protection: active
[    0.000000] SMBIOS 2.5 present.
[    0.000000] Hypervisor detected: KVM
[    0.000000] e820: last_pfn = 0x3fff0 max_arch_pfn = 0x400000000
[    0.000000] MTRR: Disabled
[    0.000000] x86/PAT: MTRRs disabled, skipping PAT initialization too.
[    0.000000] CPU MTRRs all blank - virtualized system.
[    0.000000] x86/PAT: Configuration [0-7]: WB  WT  UC- UC  WB  WT  UC- UC  
[    0.000000] found SMP MP-table at [mem 0x0009fff0-0x0009ffff] mapped at [ffff88000009fff0]
[    0.000000] Scanning 1 areas for low memory corruption
[    0.000000] RAMDISK: [mem 0x362fa000-0x37174fff]
[    0.000000] ACPI: Early table checksum verification disabled
[    0.000000] ACPI: RSDP 0x00000000000E0000 000024 (v02 VBOX  )
[    0.000000] ACPI: XSDT 0x000000003FFF0030 00003C (v01 VBOX   VBOXXSDT 00000001 ASL  00000061)
[    0.000000] ACPI: FACP 0x000000003FFF00F0 0000F4 (v04 VBOX   VBOXFACP 00000001 ASL  00000061)
[    0.000000] ACPI: DSDT 0x000000003FFF0470 002325 (v02 VBOX   VBOXBIOS 00000002 INTL 20100528)
[    0.000000] ACPI: FACS 0x000000003FFF0200 000040
[    0.000000] ACPI: FACS 0x000000003FFF0200 000040
[    0.000000] ACPI: APIC 0x000000003FFF0240 000054 (v02 VBOX   VBOXAPIC 00000001 ASL  00000061)
[    0.000000] ACPI: SSDT 0x000000003FFF02A0 0001CC (v01 VBOX   VBOXCPUT 00000002 INTL 20100528)
[    0.000000] No NUMA configuration found
[    0.000000] Faking a node at [mem 0x0000000000000000-0x000000003ffeffff]
[    0.000000] NODE_DATA(0) allocated [mem 0x3ffeb000-0x3ffeffff]
[    0.000000] kvm-clock: Using msrs 4b564d01 and 4b564d00
[    0.000000] kvm-clock: cpu 0, msr 0:3ffe3001, primary cpu clock
[    0.000000] kvm-clock: using sched offset of 4572629445 cycles
[    0.000000] clocksource: kvm-clock: mask: 0xffffffffffffffff max_cycles: 0x1cd42e4dffb, max_idle_ns: 881590591483 ns
[    0.000000] Zone ranges:
[    0.000000]   DMA      [mem 0x0000000000001000-0x0000000000ffffff]
[    0.000000]   DMA32    [mem 0x0000000001000000-0x000000003ffeffff]
[    0.000000]   Normal   empty
[    0.000000]   Device   empty
[    0.000000] Movable zone start for each node
[    0.000000] Early memory node ranges
[    0.000000]   node   0: [mem 0x0000000000001000-0x000000000009efff]
[    0.000000]   node   0: [mem 0x0000000000100000-0x000000003ffeffff]
[    0.000000] Initmem setup node 0 [mem 0x0000000000001000-0x000000003ffeffff]
[    0.000000] ACPI: PM-Timer IO Port: 0x4008
[    0.000000] IOAPIC[0]: apic_id 1, version 32, address 0xfec00000, GSI 0-23
[    0.000000] ACPI: INT_SRC_OVR (bus 0 bus_irq 0 global_irq 2 dfl dfl)
[    0.000000] ACPI: INT_SRC_OVR (bus 0 bus_irq 9 global_irq 9 low level)
[    0.000000] Using ACPI (MADT) for SMP configuration information
[    0.000000] smpboot: Allowing 1 CPUs, 0 hotplug CPUs
[    0.000000] PM: Registered nosave memory: [mem 0x00000000-0x00000fff]
[    0.000000] PM: Registered nosave memory: [mem 0x0009f000-0x0009ffff]
[    0.000000] PM: Registered nosave memory: [mem 0x000a0000-0x000effff]
[    0.000000] PM: Registered nosave memory: [mem 0x000f0000-0x000fffff]
[    0.000000] e820: [mem 0x40000000-0xfebfffff] available for PCI devices
[    0.000000] Booting paravirtualized kernel on KVM
[    0.000000] clocksource: refined-jiffies: mask: 0xffffffff max_cycles: 0xffffffff, max_idle_ns: 7645519600211568 ns
[    0.000000] setup_percpu: NR_CPUS:512 nr_cpumask_bits:512 nr_cpu_ids:1 nr_node_ids:1
[    0.000000] PERCPU: Embedded 34 pages/cpu @ffff88003fc00000 s99480 r8192 d31592 u2097152
[    0.000000] Built 1 zonelists in Node order, mobility grouping on.  Total pages: 257912
[    0.000000] Policy zone: DMA32
[    0.000000] Kernel command line: BOOT_IMAGE=/boot/vmlinuz-4.4.0-146-generic root=LABEL=cloudimg-rootfs ro console=tty1 console=ttyS0
[    0.000000] PID hash table entries: 4096 (order: 3, 32768 bytes)
[    0.000000] Memory: 997868K/1048120K available (8609K kernel code, 1334K rwdata, 4028K rodata, 1484K init, 1284K bss, 50252K reserved, 0K cma-reserved)
[    0.000000] SLUB: HWalign=64, Order=0-3, MinObjects=0, CPUs=1, Nodes=1
[    0.000000] Kernel/User page tables isolation: enabled
[    0.000000] Hierarchical RCU implementation.
[    0.000000] 	Build-time adjustment of leaf fanout to 64.
[    0.000000] 	RCU restricting CPUs from NR_CPUS=512 to nr_cpu_ids=1.
[    0.000000] RCU: Adjusting geometry for rcu_fanout_leaf=64, nr_cpu_ids=1
[    0.000000] NR_IRQS:33024 nr_irqs:256 16
[    0.000000] Console: colour VGA+ 80x25
[    0.000000] console [tty1] enabled
[    0.000000] console [ttyS0] enabled
[    0.000000] tsc: Detected 3503.998 MHz processor
[    0.249733] Calibrating delay loop (skipped) preset value.. 7007.99 BogoMIPS (lpj=14015992)
[    0.252045] pid_max: default: 32768 minimum: 301
[    0.253389] ACPI: Core revision 20150930
[    0.255215] ACPI: 2 ACPI AML tables successfully acquired and loaded
[    0.256751] Security Framework initialized
[    0.258072] Yama: becoming mindful.
[    0.260926] AppArmor: AppArmor initialized
[    0.262084] Dentry cache hash table entries: 131072 (order: 8, 1048576 bytes)
[    0.266367] Inode-cache hash table entries: 65536 (order: 7, 524288 bytes)
[    0.267970] Mount-cache hash table entries: 2048 (order: 2, 16384 bytes)
[    0.269487] Mountpoint-cache hash table entries: 2048 (order: 2, 16384 bytes)
[    0.271452] Initializing cgroup subsys io
[    0.272555] Initializing cgroup subsys memory
[    0.274146] Initializing cgroup subsys devices
[    0.276094] Initializing cgroup subsys freezer
[    0.277023] Initializing cgroup subsys net_cls
[    0.278299] Initializing cgroup subsys perf_event
[    0.279257] Initializing cgroup subsys net_prio
[    0.280359] Initializing cgroup subsys hugetlb
[    0.281723] Initializing cgroup subsys pids
[    0.284053] mce: CPU supports 0 MCE banks
[    0.284997] process: using mwait in idle threads
[    0.286363] Last level iTLB entries: 4KB 64, 2MB 8, 4MB 8
[    0.288472] Last level dTLB entries: 4KB 64, 2MB 0, 4MB 0, 1GB 4
[    0.290784] Spectre V2 : Mitigation: Full generic retpoline
[    0.292537] Spectre V2 : Spectre v2 / SpectreRSB mitigation: Filling RSB on context switch
[    0.294765] Speculative Store Bypass: Vulnerable
[    0.322964] Freeing SMP alternatives memory: 36K
[    0.331882] ftrace: allocating 32287 entries in 127 pages
[    0.425616] smpboot: APIC(0) Converting physical 0 to logical package 0
[    0.430719] smpboot: Max logical packages: 1
[    0.432950] x2apic enabled
[    0.435092] Switched APIC routing to physical x2apic.
[    0.439398] ..TIMER: vector=0x30 apic1=0 pin1=2 apic2=-1 pin2=-1
[    0.555129] smpboot: CPU0: Intel(R) Core(TM) i7-7567U CPU @ 3.50GHz (family: 0x6, model: 0x8e, stepping: 0x9)
[    0.562380] Performance Events: unsupported p6 CPU model 142 no PMU driver, software events only.
[    0.591060] KVM setup paravirtual spinlock
[    0.595288] x86: Booted up 1 node, 1 CPUs
[    0.602243] smpboot: Total of 1 processors activated (7007.99 BogoMIPS)
[    0.608161] devtmpfs: initialized
[    0.613921] evm: security.selinux
[    0.615142] evm: security.SMACK64
[    0.616926] evm: security.SMACK64EXEC
[    0.619155] evm: security.SMACK64TRANSMUTE
[    0.621394] evm: security.SMACK64MMAP
[    0.622816] evm: security.ima
[    0.624120] evm: security.capability
[    0.625527] clocksource: jiffies: mask: 0xffffffff max_cycles: 0xffffffff, max_idle_ns: 7645041785100000 ns
[    0.628770] futex hash table entries: 256 (order: 2, 16384 bytes)
[    0.632154] pinctrl core: initialized pinctrl subsystem
[    0.633839] RTC time:  8:52:24, date: 05/18/20
[    0.635218] NET: Registered protocol family 16
[    0.636881] cpuidle: using governor ladder
[    0.638479] cpuidle: using governor menu
[    0.639486] PCCT header not found.
[    0.640499] ACPI: bus type PCI registered
[    0.642619] acpiphp: ACPI Hot Plug PCI Controller Driver version: 0.5
[    0.644602] PCI: Using configuration type 1 for base access
[    0.647735] ACPI: Added _OSI(Module Device)
[    0.648977] ACPI: Added _OSI(Processor Device)
[    0.650536] ACPI: Added _OSI(3.0 _SCP Extensions)
[    0.651547] ACPI: Added _OSI(Processor Aggregator Device)
[    0.654127] ACPI: Executed 1 blocks of module-level executable AML code
[    0.657990] ACPI: Interpreter enabled
[    0.659231] ACPI: (supports S0 S5)
[    0.661244] ACPI: Using IOAPIC for interrupt routing
[    0.664163] PCI: Using host bridge windows from ACPI; if necessary, use "pci=nocrs" and report a bug
[    0.671907] ACPI: PCI Root Bridge [PCI0] (domain 0000 [bus 00-ff])
[    0.673453] acpi PNP0A03:00: _OSC: OS supports [ASPM ClockPM Segments MSI]
[    0.677163] acpi PNP0A03:00: _OSC: not requesting OS control; OS requires [ExtendedConfig ASPM ClockPM MSI]
[    0.681210] acpi PNP0A03:00: fail to add MMCONFIG information, can't access extended PCI configuration space under this bridge.
[    0.686632] PCI host bridge to bus 0000:00
[    0.687886] pci_bus 0000:00: root bus resource [io  0x0000-0x0cf7 window]
[    0.690164] pci_bus 0000:00: root bus resource [io  0x0d00-0xffff window]
[    0.692213] pci_bus 0000:00: root bus resource [mem 0x000a0000-0x000bffff window]
[    0.694912] pci_bus 0000:00: root bus resource [mem 0x40000000-0xfdffffff window]
[    0.698409] pci_bus 0000:00: root bus resource [bus 00-ff]
[    0.703505] pci 0000:00:01.1: legacy IDE quirk: reg 0x10: [io  0x01f0-0x01f7]
[    0.706184] pci 0000:00:01.1: legacy IDE quirk: reg 0x14: [io  0x03f6]
[    0.710776] pci 0000:00:01.1: legacy IDE quirk: reg 0x18: [io  0x0170-0x0177]
[    0.719630] pci 0000:00:01.1: legacy IDE quirk: reg 0x1c: [io  0x0376]
[    0.738522] pci 0000:00:07.0: quirk: [io  0x4000-0x403f] claimed by PIIX4 ACPI
[    0.742118] pci 0000:00:07.0: quirk: [io  0x4100-0x410f] claimed by PIIX4 SMB
[    0.753579] ACPI: PCI Interrupt Link [LNKA] (IRQs 5 9 10 *11)
[    0.765609] ACPI: PCI Interrupt Link [LNKB] (IRQs 5 9 *10 11)
[    0.768274] ACPI: PCI Interrupt Link [LNKC] (IRQs 5 *9 10 11)
[    0.770389] ACPI: PCI Interrupt Link [LNKD] (IRQs 5 9 10 *11)
[    0.776521] ACPI: Enabled 2 GPEs in block 00 to 07
[    0.779079] vgaarb: setting as boot device: PCI:0000:00:02.0
[    0.780582] vgaarb: device added: PCI:0000:00:02.0,decodes=io+mem,owns=io+mem,locks=none
[    0.783712] vgaarb: loaded
[    0.785439] vgaarb: bridge control possible 0000:00:02.0
[    0.787241] SCSI subsystem initialized
[    0.789045] ACPI: bus type USB registered
[    0.790285] usbcore: registered new interface driver usbfs
[    0.791899] usbcore: registered new interface driver hub
[    0.793539] usbcore: registered new device driver usb
[    0.795798] PCI: Using ACPI for IRQ routing
[    0.801683] NetLabel: Initializing
[    0.808689] NetLabel:  domain hash size = 128
[    0.811436] NetLabel:  protocols = UNLABELED CIPSOv4
[    0.813962] NetLabel:  unlabeled traffic allowed by default
[    0.817184] amd_nb: Cannot enumerate AMD northbridges
[    0.821949] clocksource: Switched to clocksource kvm-clock
[    0.832732] AppArmor: AppArmor Filesystem Enabled
[    0.834435] pnp: PnP ACPI init
[    0.836642] pnp: PnP ACPI: found 3 devices
[    0.846990] clocksource: acpi_pm: mask: 0xffffff max_cycles: 0xffffff, max_idle_ns: 2085701024 ns
[    0.854508] NET: Registered protocol family 2
[    0.857269] TCP established hash table entries: 8192 (order: 4, 65536 bytes)
[    0.866746] TCP bind hash table entries: 8192 (order: 5, 131072 bytes)
[    0.870940] TCP: Hash tables configured (established 8192 bind 8192)
[    0.875204] UDP hash table entries: 512 (order: 2, 16384 bytes)
[    0.877953] UDP-Lite hash table entries: 512 (order: 2, 16384 bytes)
[    0.879608] NET: Registered protocol family 1
[    0.880878] pci 0000:00:00.0: Limiting direct PCI/PCI transfers
[    0.886757] pci 0000:00:01.0: Activating ISA DMA hang workarounds
[    0.890072] Unpacking initramfs...
[    1.228638] Freeing initrd memory: 14828K
[    1.230102] platform rtc_cmos: registered platform RTC device (no PNP device found)
[    1.232693] Scanning for low memory corruption every 60 seconds
[    1.235057] audit: initializing netlink subsys (disabled)
[    1.237601] audit: type=2000 audit(1589791950.182:1): initialized
[    1.240535] Initialise system trusted keyring
[    1.243654] HugeTLB registered 2 MB page size, pre-allocated 0 pages
[    1.250286] zbud: loaded
[    1.254985] VFS: Disk quotas dquot_6.6.0
[    1.256087] VFS: Dquot-cache hash table entries: 512 (order 0, 4096 bytes)
[    1.258198] squashfs: version 4.0 (2009/01/31) Phillip Lougher
[    1.261481] fuse init (API version 7.23)
[    1.262929] Key type big_key registered
[    1.264044] Allocating IMA MOK and blacklist keyrings.
[    1.266055] Key type asymmetric registered
[    1.267314] Asymmetric key parser 'x509' registered
[    1.268797] Block layer SCSI generic (bsg) driver version 0.4 loaded (major 249)
[    1.271019] io scheduler noop registered
[    1.272204] io scheduler deadline registered (default)
[    1.273625] io scheduler cfq registered
[    1.275052] pci_hotplug: PCI Hot Plug PCI Core version: 0.5
[    1.276607] pciehp: PCI Express Hot Plug Controller Driver version: 0.4
[    1.278595] ACPI: AC Adapter [AC] (on-line)
[    1.279579] input: Power Button as /devices/LNXSYSTM:00/LNXPWRBN:00/input/input0
[    1.281742] ACPI: Power Button [PWRF]
[    1.283131] input: Sleep Button as /devices/LNXSYSTM:00/LNXSLPBN:00/input/input1
[    1.285633] ACPI: Sleep Button [SLPF]
[    1.289644] ACPI: Battery Slot [BAT0] (battery present)
[    1.292267] GHES: HEST is not enabled!
[    1.293679] Serial: 8250/16550 driver, 32 ports, IRQ sharing enabled
[    1.322406] 00:02: ttyS0 at I/O 0x3f8 (irq = 4, base_baud = 115200) is a 16550A
[    1.610123] Linux agpgart interface v0.103
[    1.619235] loop: module loaded
[    1.621795] scsi host0: ata_piix
[    1.623188] scsi host1: ata_piix
[    1.624537] ata1: PATA max UDMA/33 cmd 0x1f0 ctl 0x3f6 bmdma 0xd000 irq 14
[    1.626710] ata2: PATA max UDMA/33 cmd 0x170 ctl 0x376 bmdma 0xd008 irq 15
[    1.629269] libphy: Fixed MDIO Bus: probed
[    1.632335] tun: Universal TUN/TAP device driver, 1.6
[    1.644982] tun: (C) 1999-2004 Max Krasnyansky <maxk@qualcomm.com>
[    1.646890] PPP generic driver version 2.4.2
[    1.651057] ehci_hcd: USB 2.0 'Enhanced' Host Controller (EHCI) Driver
[    1.653179] ehci-pci: EHCI PCI platform driver
[    1.654856] ehci-platform: EHCI generic platform driver
[    1.656894] ohci_hcd: USB 1.1 'Open' Host Controller (OHCI) Driver
[    1.659297] ohci-pci: OHCI PCI platform driver
[    1.661923] ohci-platform: OHCI generic platform driver
[    1.666534] uhci_hcd: USB Universal Host Controller Interface driver
[    1.670420] i8042: PNP: PS/2 Controller [PNP0303:PS2K,PNP0f03:PS2M] at 0x60,0x64 irq 1,12
[    1.708165] serio: i8042 KBD port at 0x60,0x64 irq 1
[    1.724292] serio: i8042 AUX port at 0x60,0x64 irq 12
[    1.728314] mousedev: PS/2 mouse device common for all mice
[    1.742583] input: AT Translated Set 2 keyboard as /devices/platform/i8042/serio0/input/input2
[    1.775286] rtc_cmos rtc_cmos: rtc core: registered rtc_cmos as rtc0
[    1.777733] rtc_cmos rtc_cmos: alarms up to one day, 114 bytes nvram
[    1.780730] i2c /dev entries driver
[    1.812225] device-mapper: uevent: version 1.0.3
[    1.814809] device-mapper: ioctl: 4.34.0-ioctl (2015-10-28) initialised: dm-devel@redhat.com
[    1.821111] ledtrig-cpu: registered to indicate activity on CPUs
[    1.825149] NET: Registered protocol family 10
[    1.830205] NET: Registered protocol family 17
[    1.839711] Key type dns_resolver registered
[    1.842888] registered taskstats version 1
[    1.844604] Loading compiled-in X.509 certificates
[    1.855709] Loaded X.509 cert 'Build time autogenerated kernel key: 4dcb2dc2c7cf43e0c20c44384f68683c20294489'
[    1.865944] zswap: loaded using pool lzo/zbud
[    1.871859] Key type trusted registered
[    1.880093] Key type encrypted registered
[    1.886385] AppArmor: AppArmor sha1 policy hashing enabled
[    1.888434] ima: No TPM chip found, activating TPM-bypass!
[    1.890512] ima: Allocated hash algorithm: sha1
[    1.893530] evm: HMAC attrs: 0x1
[    1.895411]   Magic number: 4:532:877
[    1.900598] rtc_cmos rtc_cmos: setting system clock to 2020-05-18 08:52:25 UTC (1589791945)
[    1.939571] BIOS EDD facility v0.16 2004-Jun-25, 0 devices found
[    1.962098] EDD information not available.
[    1.967534] Freeing unused kernel memory: 1484K
[    1.978178] Write protecting the kernel read-only data: 14336k
[    1.980591] Freeing unused kernel memory: 1620K
[    1.982467] Freeing unused kernel memory: 68K
Loading, please wait...
starting version 229
[    2.025813] random: udevadm: uninitialized urandom read (16 bytes read, 3 bits of entropy available)
[    2.030515] random: systemd-udevd: uninitialized urandom read (16 bytes read, 3 bits of entropy available)
[    2.044539] random: udevadm: uninitialized urandom read (16 bytes read, 3 bits of entropy available)
[    2.061819] random: systemd-udevd: uninitialized urandom read (16 bytes read, 3 bits of entropy available)
[    2.065053] random: systemd-udevd: uninitialized urandom read (16 bytes read, 3 bits of entropy available)
[    2.094873] random: systemd-udevd: uninitialized urandom read (16 bytes read, 3 bits of entropy available)
[    2.193437] random: udevadm: uninitialized urandom read (16 bytes read, 3 bits of entropy available)
[    2.209566] random: udevadm: uninitialized urandom read (16 bytes read, 3 bits of entropy available)
[    2.222659] random: udevadm: uninitialized urandom read (16 bytes read, 3 bits of entropy available)
[    2.254223] tsc: Refined TSC clocksource calibration: 3503.846 MHz
[    2.276705] clocksource: tsc: mask: 0xffffffffffffffff max_cycles: 0x328181cf6b2, max_idle_ns: 440795237536 ns
[    2.295570] random: udevadm: uninitialized urandom read (16 bytes read, 3 bits of entropy available)
[    2.480139] e1000: Intel(R) PRO/1000 Network Driver - version 7.3.21-k8-NAPI
[    2.484679] e1000: Copyright (c) 1999-2006 Intel Corporation.
[    2.492003] Fusion MPT base driver 3.04.20
[    2.494593] Copyright (c) 1999-2008 LSI Corporation
[    2.616551] AVX2 version of gcm_enc/dec engaged.
[    2.621580] AES CTR mode by8 optimization enabled
[    2.655739] Fusion MPT SPI Host driver 3.04.20
[    2.884475] input: ImExPS/2 Generic Explorer Mouse as /devices/platform/i8042/serio1/input/input4
[    3.871212] e1000 0000:00:03.0 eth0: (PCI:33MHz:32-bit) 02:6d:cd:79:6e:19
[    3.875347] e1000 0000:00:03.0 eth0: Intel(R) PRO/1000 Network Connection
[    3.880113] mptbase: ioc0: Initiating bringup
[    3.947098] ioc0: LSI53C1030 A0: Capabilities={Initiator}
[    4.112066] scsi host2: ioc0: LSI53C1030 A0, FwRev=00000000h, Ports=1, MaxQ=256, IRQ=20
[    4.227732] scsi 2:0:0:0: Direct-Access     VBOX     HARDDISK         1.0  PQ: 0 ANSI: 5
[    4.230743] scsi target2:0:0: Beginning Domain Validation
[    4.233738] scsi target2:0:0: Domain Validation skipping write tests
[    4.235885] scsi target2:0:0: Ending Domain Validation
[    4.238072] scsi target2:0:0: asynchronous
[    4.239981] scsi 2:0:1:0: Direct-Access     VBOX     HARDDISK         1.0  PQ: 0 ANSI: 5
[    4.243846] scsi target2:0:1: Beginning Domain Validation
[    4.246621] scsi target2:0:1: Domain Validation skipping write tests
[    4.248661] scsi target2:0:1: Ending Domain Validation
[    4.250395] scsi target2:0:1: asynchronous
[    4.351589] sd 2:0:0:0: Attached scsi generic sg0 type 0
[    4.354403] sd 2:0:0:0: [sda] 20971520 512-byte logical blocks: (10.7 GB/10.0 GiB)
[    4.357249] sd 2:0:0:0: [sda] Write Protect is off
[    4.374405] sd 2:0:1:0: [sdb] 20480 512-byte logical blocks: (10.5 MB/10.0 MiB)
[    4.376872] sd 2:0:1:0: Attached scsi generic sg1 type 0
[    4.378506] sd 2:0:1:0: [sdb] Write Protect is off
[    4.380218] sd 2:0:1:0: [sdb] Incomplete mode parameter data
[    4.382429] sd 2:0:1:0: [sdb] Assuming drive cache: write through
[    4.399265] sd 2:0:0:0: [sda] Incomplete mode parameter data
[    4.410299] sd 2:0:0:0: [sda] Assuming drive cache: write through
[    4.413825] sd 2:0:1:0: [sdb] Attached SCSI disk
[    4.434069]  sda: sda1
[    4.448725] sd 2:0:0:0: [sda] Attached SCSI disk
[    4.853840] e1000 0000:00:08.0 eth1: (PCI:33MHz:32-bit) 08:00:27:8e:27:ac
[    4.855531] e1000 0000:00:08.0 eth1: Intel(R) PRO/1000 Network Connection
[    4.858989] e1000 0000:00:08.0 enp0s8: renamed from eth1
[    4.863236] e1000 0000:00:03.0 enp0s3: renamed from eth0
Begin: Loading essential drivers ... [    6.166377] md: linear personality registered for level -1
[    6.169953] md: multipath personality registered for level -4
[    6.174026] md: raid0 personality registered for level 0
[    6.177968] md: raid1 personality registered for level 1
[    6.250015] raid6: sse2x1   gen()  9035 MB/s
[    6.318506] raid6: sse2x1   xor()  8397 MB/s
[    6.386250] raid6: sse2x2   gen() 13085 MB/s
[    6.454053] raid6: sse2x2   xor()  5513 MB/s
[    6.522067] raid6: sse2x4   gen() 11868 MB/s
[    6.590301] raid6: sse2x4   xor() 10198 MB/s
[    6.657974] raid6: avx2x1   gen() 16244 MB/s
[    6.726448] raid6: avx2x2   gen() 26008 MB/s
[    6.794070] raid6: avx2x4   gen() 27415 MB/s
[    6.795424] raid6: using algorithm avx2x4 gen() 27415 MB/s
[    6.796823] raid6: using avx2x2 recovery algorithm
[    6.799823] xor: automatically using best checksumming function:
[    6.842091]    avx       : 38256.000 MB/sec
[    6.845417] async_tx: api initialized (async)
[    6.858678] md: raid6 personality registered for level 6
[    6.860928] md: raid5 personality registered for level 5
[    6.862332] md: raid4 personality registered for level 4
[    6.869947] md: raid10 personality registered for level 10
done.
Begin: Running /scripts/init-premount ... done.
Begin: Mounting root file system ... Begin: Running /scripts/local-top ... done.
Begin: Running /scripts/local-premount ... [    6.905262] Btrfs loaded
Scanning for Btrfs filesystems
done.
Warning: fsck not present, so skipping root file system
[    6.934670] EXT4-fs (sda1): mounted filesystem with ordered data mode. Opts: (null)
done.
Begin: Running /scripts/local-bottom ... done.
Begin: Running /scripts/init-bottom ... done.
[    7.025196] systemd[1]: systemd 229 running in system mode. (+PAM +AUDIT +SELINUX +IMA +APPARMOR +SMACK +SYSVINIT +UTMP +LIBCRYPTSETUP +GCRYPT +GNUTLS +ACL +XZ -LZ4 +SECCOMP +BLKID +ELFUTILS +KMOD -IDN)
[    7.028931] systemd[1]: Detected virtualization oracle.
[    7.029947] systemd[1]: Detected architecture x86-64.

Welcome to [1mUbuntu 16.04.6 LTS[0m!

[    7.034108] systemd[1]: Set hostname to <ubuntu>.
[    7.038737] systemd[1]: Initializing machine ID from random generator.
[    7.040232] systemd[1]: Installed transient /etc/machine-id file.
[    7.163097] systemd[1]: Reached target Encrypted Volumes.
[[0;32m  OK  [0m] Reached target Encrypted Volumes.
[    7.165861] systemd[1]: Listening on LVM2 poll daemon socket.
[[0;32m  OK  [0m] Listening on LVM2 poll daemon socket.
[    7.168906] systemd[1]: Listening on Syslog Socket.
[[0;32m  OK  [0m] Listening on Syslog Socket.
[    7.172082] systemd[1]: Created slice User and Session Slice.
[[0;32m  OK  [0m] Created slice User and Session Slice.
[    7.182722] systemd[1]: Listening on udev Kernel Socket.
[[0;32m  OK  [0m] Listening on udev Kernel Socket.
[    7.185722] systemd[1]: Set up automount Arbitrary Executable File Formats File System Automount Point.
[[0;32m  OK  [0m] Set up automount Arbitrary Executab...ats File System Automount Point.
[    7.194298] systemd[1]: Started Forward Password Requests to Wall Directory Watch.
[[0;32m  OK  [0m] Started Forward Password Requests to Wall Directory Watch.
[    7.202660] systemd[1]: Reached target User and Group Name Lookups.
[[0;32m  OK  [0m] Reached target User and Group Name Lookups.
[    7.211175] systemd[1]: Created slice System Slice.
[[0;32m  OK  [0m] Created slice System Slice.
[    7.214709] systemd[1]: Reached target Slices.
[[0;32m  OK  [0m] Reached target Slices.
[    7.217417] systemd[1]: Listening on Device-mapper event daemon FIFOs.
[[0;32m  OK  [0m] Listening on Device-mapper event daemon FIFOs.
[    7.222287] systemd[1]: Created slice system-serial\x2dgetty.slice.
[[0;32m  OK  [0m] Created slice system-serial\x2dgetty.slice.
[    7.225405] systemd[1]: Listening on udev Control Socket.
[[0;32m  OK  [0m] Listening on udev Control Socket.
[    7.228107] systemd[1]: Listening on Journal Audit Socket.
[[0;32m  OK  [0m] Listening on Journal Audit Socket.
[    7.230715] systemd[1]: Started Trigger resolvconf update for networkd DNS.
[[0;32m  OK  [0m] Started Trigger resolvconf update for networkd DNS.
[    7.234410] systemd[1]: Reached target System Time Synchronized.
[[0;32m  OK  [0m] Reached target System Time Synchronized.
[    7.242346] systemd[1]: Listening on Journal Socket.
[[0;32m  OK  [0m] Listening on Journal Socket.
[    7.251360] systemd[1]: Starting Uncomplicated firewall...
         Starting Uncomplicated firewall...
[    7.256995] systemd[1]: Starting Nameserver information manager...
         Starting Nameserver information manager...
[    7.262965] systemd[1]: Starting Load Kernel Modules...
         Starting Load Kernel Modules...
[    7.267744] systemd[1]: Starting Set console keymap...
         Starting Set console keymap...
[    7.276651] Loading iSCSI transport class v2.0-870.
[    7.278567] systemd[1]: Mounting POSIX Message Queue File System...
         Mounting POSIX Message Queue File System...
[    7.286410] systemd[1]: Starting Create list of required static device nodes for the current kernel...
         Starting Create list of required st... nodes for the current kernel...
[    7.295626] systemd[1]: Starting Remount Root and Kernel File Systems...
         Starting Remount Root and Kernel File Systems...
[    7.304227] systemd[1]: Mounting Huge Pages File System...
[    7.308524] EXT4-fs (sda1): re-mounted. Opts: (null)
         Mounting Huge Pages File System...
[    7.311204] systemd[1]: Listening on LVM2 metadata daemon socket.
[[0;32m  OK  [0m] Listening on LVM2 metadata daemon socket.
[    7.314677] systemd[1]: Starting Monitoring of LVM2 mirrors, snapshots etc. using dmeventd or progress polling...
         Starting Monitoring of LVM2 mirrors... dmeventd or progress polling...[    7.324205] iscsi: registered transport (tcp)

[    7.326919] systemd[1]: Mounting Debug File System...
         Mounting Debug File System...
[    7.332776] systemd[1]: Listening on Journal Socket (/dev/log).
[[0;32m  OK  [0m] Listening on Journal Socket (/dev/log).
[    7.337001] systemd[1]: Reached target Swap.
[[0;32m  OK  [0m] Reached target Swap.
[    7.341852] systemd[1]: Listening on /dev/initctl Compatibility Named Pipe.
[[0;32m  OK  [0m] Listening on /dev/initctl Compatibility Named Pipe.
[    7.349275] systemd[1]: Starting Journal Service...
         Starting Journal Service...
[    7.363777] systemd[1]: Mounted Debug File System.
[[0;32m  OK  [0m] Mounted Debug File System.
[    7.366269] systemd[1]: Mounted POSIX Message Queue File System.
[[0;32m  OK  [0m] Mounted POSIX Message Queue File System.
[    7.370489] systemd[1]: Mounted Huge Pages File System.
[[0;32m  OK  [0m] Mounted Huge Pages File System.
[    7.376450] systemd[1]: Started Uncomplicated firewall.
[[0;32m  OK  [0m] Started Uncomplicated firewall.
[    7.386836] systemd[1]: Started Create list of required static device nodes for the current kernel.
[[0;32m  OK  [0m] Started Create list of required sta...ce nodes for the current kernel.
[    7.395337] systemd[1]: Started Remount Root and Kernel File Systems.
[[0;32m  OK  [0m] Started Remount Root and Kernel File Systems.
[    7.406703] systemd[1]: Started Nameserver information manager.
[[0;32m  OK  [0m] Started Nameserver information manager.
[    7.422180] systemd[1]: Started Journal Service.
[[0;32m  OK  [0m] Started Journal Service.
[    7.430177] iscsi: registered transport (iser)
[[0;32m  OK  [0m] Started Load Kernel Modules.[    7.446196] random: nonblocking pool is initialized

[[0;32m  OK  [0m] Started Set console keymap.
         Starting Apply Kernel Variables...
         Mounting FUSE Control File System...
[[0;32m  OK  [0m] Started LVM2 metadata daemon.
         Starting Load/Save Random Seed...
         Starting udev Coldplug all Devices...
         Starting Flush Journal to Persistent Storage...
         Starting Create Static Device Nodes in /dev...
[[0;32m  OK  [0m] Mounted FUSE Control File System.
[[0;32m  OK  [0m] Started Apply Kernel Variables.
[[0;32m  OK  [0m] Started Load/Save Random Seed.
[[0;32m  OK  [0m] Started Create Static Device Nodes in /dev.
[[0;32m  OK  [0m] Started Flush Journal to Persistent Storage.
[[0;32m  OK  [0m] Started udev Coldplug all Devices.
         Starting udev Kernel Device Manager...
[[0;32m  OK  [0m] Started udev Kernel Device Manager.
[[0;32m  OK  [0m] Started Dispatch Password Requests to Console Directory Watch.
[[0;32m  OK  [0m] Started Monitoring of LVM2 mirrors,...ng dmeventd or progress polling.
[[0;32m  OK  [0m] Reached target Local File Systems (Pre).
[[0;32m  OK  [0m] Reached target Local File Systems.
         Starting Set console font and keymap...
         Starting Commit a transient machine-id on disk...
         Starting Initial cloud-init job (pre-networking)...
         Starting Create Volatile Files and Directories...
         Starting Tell Plymouth To Write Out Runtime Data...
         Starting LSB: AppArmor initialization...
[[0;32m  OK  [0m] Started Commit a transient machine-id on disk.
[[0;32m  OK  [0m] Started Tell Plymouth To Write Out Runtime Data.
[[0;32m  OK  [0m] Started Create Volatile Files and Directories.
         Starting Update UTMP about System Boot/Shutdown...
[[0;32m  OK  [0m] Started Update UTMP about System Boot/Shutdown.
[[0;32m  OK  [0m] Found device /dev/ttyS0.
[[0;32m  OK  [0m] Listening on Load/Save RF Kill Switch Status /dev/rfkill Watch.
[    9.377612] cloud-init[496]: Cloud-init v. 18.5-45-g3554ffe8-0ubuntu1~16.04.1 running 'init-local' at Mon, 18 May 2020 08:52:32 +0000. Up 8.74 seconds.
[[0;32m  OK  [0m] Started Initial cloud-init job (pre-networking).
[[0;32m  OK  [0m] Reached target Network (Pre).
[[0;32m  OK  [0m] Started Set console font and keymap.
[[0;32m  OK  [0m] Created slice system-getty.slice.
[[0;32m  OK  [0m] Started LSB: AppArmor initialization.
         Starting Raise network interfaces...
[[0;32m  OK  [0m] Started Raise network interfaces.
[[0;32m  OK  [0m] Reached target Network.
         Starting Initial cloud-init job (metadata service crawler)...
[   10.775082] cloud-init[959]: Cloud-init v. 18.5-45-g3554ffe8-0ubuntu1~16.04.1 running 'init' at Mon, 18 May 2020 08:52:34 +0000. Up 10.20 seconds.
[   10.784362] cloud-init[959]: ci-info: ++++++++++++++++++++++++++++++++++++++Net device info+++++++++++++++++++++++++++++++++++++++
[   10.786829] cloud-init[959]: ci-info: +--------+-------+----------------------------+---------------+--------+-------------------+
[   10.796595] cloud-init[959]: ci-info: | Device |   Up  |          Address           |      Mask     | Scope  |     Hw-Address    |
[   10.804245] cloud-init[959]: ci-info: +--------+-------+----------------------------+---------------+--------+-------------------+
[   10.812261] cloud-init[959]: ci-info: | enp0s3 |  True |         10.0.2.15          | 255.255.255.0 | global | 02:6d:cd:79:6e:19 |
[   10.815159] cloud-init[959]: ci-info: | enp0s3 |  True | fe80::6d:cdff:fe79:6e19/64 |       .       |  link  | 02:6d:cd:79:6e:19 |
[   10.823146] cloud-init[959]: ci-info: | enp0s8 | False |             .              |       .       |   .    | 08:00:27:8e:27:ac |
[   10.836075] cloud-init[959]: ci-info: |   lo   |  True |         127.0.0.1          |   255.0.0.0   |  host  |         .         |
[   10.852926] cloud-init[959]: ci-info: |   lo   |  True |          ::1/128           |       .       |  host  |         .         |
[   10.869938] cloud-init[959]: ci-info: +--------+-------+----------------------------+---------------+--------+-------------------+
[[0;32m  OK  [0m] Started Initial cloud-init job (metadata service crawler).[   10.896131] cloud-init[959]: ci-info: +++++++++++++++++++++++++++Route IPv4 info++++++++++++++++++++++++++++
[[0;32m  OK  [0m
[   10.913108] cloud-init[959]: ci-info: +-------+-------------+----------+---------------+-----------+-------+] Reached target Cloud-config availability.
[[0;32m  OK  [0m] Reached target System Initialization.
[[0;32m  OK  [0m] Listening on ACPID Listen Socket.
[[0;32m  OK  [0m] Listening on UUID daemon activation socket.

[   10.940239] cloud-init[959]:          Starting LXD - unix socket.
[[0;32m  OK  [0m] Started Daily apt download activities.
[[0;32m  OK  [0mci-info: | Route | Destination | Gateway  |    Genmask    | Interface | Flags |
[   10.950638] cloud-init[959]: ci-info: +-------+-------------+----------+---------------+-----------+-------+] Started Daily Cleanup of Temporary Directories.
[[0;32m  OK  [0m] Listening on D-Bus System Message Bus Socket.

[   10.958622] cloud-init[959]: ci-info: |   0   |   0.0.0.0   | 10.0.2.2 |    0.0.0.0    |   enp0s3  |   UG  |
[   10.961596] cloud-init[959]: ci-info: |   1   |   10.0.2.0  | 0.0.0.0  | 255.255.255.0 |   enp0s3  |   U   |[[0;32m  OK  [0m] Started ACPI Events Check.
[[0;32m  OK  [0m] Reached target Paths.
[[0;32m  OK  [0m] Started Daily apt upgrade and clean activities.
[   10.968201] cloud-init[959]: ci-info: +-------+-------------+----------+---------------+-----------+-------+
[   10.968234] cloud-init[959]: ci-info: +++++++++++++++++++Route IPv6 info+++++++++++++++++++
[   10.968259] cloud-init[959]: ci-info: +-------+-------------+---------+-----------+-------+
[   10.968284] cloud-init[959]: ci-info: | Route | Destination | Gateway | Interface | Flags |
[   10.968309] cloud-init[959]: ci-info: +-------+-------------+---------+-----------+-------+
[   10.968334] cloud-init[959]: ci-info: |   0   |  fe80::/64  |    ::   |   enp0s3  |   U   |
[   10.968373] cloud-init[959]: ci-info: |   3   |   ff00::/8  |    ::   |   enp0s3  |   U   |
[   10.968399] cloud-init[959]: ci-info: +-------+-------------+---------+-----------+-------+
[   10.968423] cloud-init[959]: Generating public/private rsa key pair.
[   10.968454] cloud-init[959]: Your identification has been saved in /etc/ssh/ssh_host_rsa_key.
[   10.968478] cloud-init[959]: Your public key has been saved in /etc/ssh/ssh_host_rsa_key.pub.
[   10.968502] cloud-init[959]: The key fingerprint is:
[   10.968526] cloud-init[959]: SHA256:2dEVmxydz0Il9wWw/Ac/g7k3OE3tSLrWZR30Fqw2lG0 root@ubuntu-xenial
[   10.968550] cloud-init[959]: The key's randomart image is:
[   10.968574] cloud-init[959]: +---[RSA 2048]----+
[   10.968600] cloud-init[959]: |            ..X==|
[   10.968624] cloud-init[959]: |           o *.E+|
[   10.968650] cloud-init[959]: |          . =.O.=|
[   10.968673] cloud-init[959]: |         o . =++*|
[   10.968697] cloud-init[959]: |        S . .o+**|
[   10.968722] cloud-init[959]: |             o=+*|
[   10.968746] cloud-init[959]: |            .=.*.|
[   10.968770] cloud-init[959]: |            ..+ .|
[   10.968794] cloud-init[959]: |           ..    |
[   10.968818] cloud-init[959]: +----[SHA256]-----+
[   10.968842] cloud-init[959]: Generating public/private dsa key pair.
[   10.968865] cloud-init[959]: Your identification has been saved in /etc/ssh/ssh_host_dsa_key.
[   10.968889] cloud-init[959]: Your public key has been saved in /etc/ssh/ssh_host_dsa_key.pub.
[   10.968915] cloud-init[959]: The key fingerprint is:
[   10.968939] cloud-init[959]: SHA256:jfHv4CDAaNue1iMoN+i4gCwQMd5PPVZHGf4nei4iKn4 root@ubuntu-xenial
[   10.968963] cloud-init[959]: The key's randomart image is:
[   10.968987] cloud-init[959]: +---[DSA 1024]----+
[   10.969010] cloud-init[959]: |o        ..+o    |
[   10.969034] cloud-init[959]: |.o.   . . o.     |
[   10.969058] cloud-init[959]: |.. . . +.  .     |
[   10.969083] cloud-init[959]: | . oo . .=  .    |
[   10.969106] cloud-init[959]: |. o o.  S o  o . |
[   10.969129] cloud-init[959]: |+. o .     .. o  |
[   10.969153] cloud-init[959]: |+o..... . ....   |
[   10.969177] cloud-init[959]: |* +ooEoo + +o    |
[   10.969201] cloud-init[959]: |+=.+=o... o o.   |
[   10.969224] cloud-init[959]: +----[SHA256]-----+
[   10.969247] cloud-init[959]: Generating public/private ecdsa key pair.
[   10.969271] cloud-init[959]: Your identification has been saved in /etc/ssh/ssh_host_ecdsa_key.
[   10.969295] cloud-init[959]: Your public key has been saved in /etc/ssh/ssh_host_ecdsa_key.pub.
[   10.969321] cloud-init[959]: The key fingerprint is:
[   10.969344] cloud-init[959]: SHA256:KHkkDlLZ5D329kHGmjbhTvw7sepb9I0k6wJEw1DA15g root@ubuntu-xenial
[   10.969368] cloud-init[959]: The key's randomart image is:
[   10.969392] cloud-init[959]: +---[ECDSA 256]---+
[   10.969415] cloud-init[959]: |  .=+=.+         |
[   10.969439] cloud-init[959]: | ...o.E ..       |
[   10.969463] cloud-init[959]: |. . oo=.. +      |
[   10.969487] cloud-init[959]: | . o =.* *       |
[   10.969511] cloud-init[959]: |    +.o S + .    |
[   10.969535] cloud-init[959]: |     o.= =.* o   |
[   10.969558] cloud-init[959]: |       .. =oo .  |
[   10.969582] cloud-init[959]: |        .oo.     |
[   10.969607] cloud-init[959]: |       .++o.     |
[   10.969631] cloud-init[959]: +----[SHA256]-----+
[   10.969654] cloud-init[959]: Generating public/private ed25519 key pair.
[   10.969678] cloud-init[959]: Your identification has been saved in /etc/ssh/ssh_host_ed25519_key.
[   11.055134] cloud-init[959]: Your public key has been saved in /etc/ssh/ssh_host_ed25519_key.pub.

[[0;32m  OK  [0m] Reached target Timers.
         Starting Socket activation for snappy daemon.
[[0;32m  OK  [0m] Reached target Network is Online.
         Starting iSCSI initiator daemon (iscsid)...
[   11.056137] cloud-init[959]: The key fingerprint is:
[   11.098239] cloud-init[959]: SHA256:U3kbXCZdOhSIENw6tf4PFV7uqSUbz84eu6Y57OePZOU root@ubuntu-xenial
[[0;32m  OK  [0m] Listening on LXD - unix socket.
[[0;32m  OK  [0m] Listening on Socket activation for snappy daemon.
[   11.128990] cloud-init[959]: The key's randomart image is:
[   11.157516] cloud-init[959]: +--[ED25519 256]--+
[   11.164524] cloud-init[959]: |       .o+ ..o=o.|
[   11.173921] cloud-init[959]: |        . +o.=.. |
[   11.177936] cloud-init[959]: |         oo.+ + .|
[   11.185038] cloud-init[959]: |        o... + = |
[[0;32m  OK  [0m] Started iSCSI initiator daemon (iscsid).
[   11.191160] cloud-init[959]: |        So  . o o|
[   11.211987] cloud-init[959]: |         ..  . +.|
[   11.226756] cloud-init[959]: |           .ooo+E|
[   11.228650] cloud-init[959]: |            .*@+o|
         Starting Login to default iSCSI targets...
[   11.241262] cloud-init[959]: |            .B@X+|
[   11.261798] cloud-init[959]: +----[SHA256]-----+
[[0;32m  OK  [0m] Reached target Sockets.
[[0;32m  OK  [0m] Reached target Basic System.
         Starting Login Service...
         Starting System Logging Service...
[[0;32m  OK  [0m] Started Deferred execution scheduler.
         Starting LSB: MD monitoring daemon...
[[0;32m  OK  [0m] Started D-Bus System Message Bus.
         Starting Virtualbox guest utils...
[[0;32m  OK  [0m] Started ACPI event daemon.
         Starting /etc/rc.local Compatibility...
         Starting Snappy daemon...
         Starting Pollinate to seed the pseudo random number generator...
[[0;32m  OK  [0m] Started Regular background program processing daemon.
         Starting LSB: Record successful boot for GRUB...
         Starting Accounts Service...
[[0;32m  OK  [0m] Started FUSE filesystem for LXC.
         Starting LXD - container startup/shutdown...
[[0;32m  OK  [0m] Started System Logging Service.
[[0;32m  OK  [0m] Started /etc/rc.local Compatibility.
[[0;32m  OK  [0m] Started Login to default iSCSI targets.
[[0;32m  OK  [0m] Started Virtualbox guest utils.
[[0;32m  OK  [0m] Reached target Remote File Systems (Pre).
[[0;32m  OK  [0m] Reached target Remote File Systems.
         Starting Permit User Sessions...
         Starting LSB: daemon to balance interrupts for SMP systems...
         Starting LSB: automatic crash report generation...
         Starting LSB: Set the CPU Frequency Scaling governor to "ondemand"...
[[0;32m  OK  [0m] Started LSB: MD monitoring daemon.
[[0;32m  OK  [0m] Started LSB: Record successful boot for GRUB.
[[0;32m  OK  [0m] Started Permit User Sessions.
[[0;32m  OK  [0m] Started Login Service.
[[0;32m  OK  [0m] Started Unattended Upgrades Shutdown.
         Starting Terminate Plymouth Boot Screen...
         Starting Hold until boot process finishes up...
[[0;32m  OK  [0m] Started Hold until boot process finishes up.
[[0;32m  OK  [0m] Started Terminate Plymouth Boot Screen.
[[0;32m  OK  [0m] Started LSB: Set the CPU Frequency Scaling governor to "ondemand".
         Starting Authenticate and Authorize Users to Run Privileged Tasks...
[[0;32m  OK  [0m] Started Getty on tty1.
         Starting Set console scheme...
[[0;32m  OK  [0m] Started Serial Getty on ttyS0.
[[0;32m  OK  [0m] Reached target Login Prompts.
[[0;32m  OK  [0m] Started Set console scheme.
[[0;32m  OK  [0m] Started LXD - container startup/shutdown.
[[0;32m  OK  [0m] Started LSB: daemon to balance interrupts for SMP systems.
[[0;32m  OK  [0m] Started LSB: automatic crash report generation.
[[0;32m  OK  [0m] Started Authenticate and Authorize Users to Run Privileged Tasks.
[[0;32m  OK  [0m] Started Accounts Service.
[[0;32m  OK  [0m] Started Snappy daemon.
         Starting Wait until snapd is fully seeded...
[[0;32m  OK  [0m] Started Pollinate to seed the pseudo random number generator.
         Starting OpenBSD Secure Shell server...
[[0;32m  OK  [0m] Started OpenBSD Secure Shell server.
[[0;32m  OK  [0m] Created slice User Slice of vagrant.
         Starting User Manager for UID 1000...
[[0;32m  OK  [0m] Started Session 1 of user vagrant.
[[0;32m  OK  [0m] Started User Manager for UID 1000.
[[0;32m  OK  [0m] Started Wait until snapd is fully seeded.
         Starting Apply the settings specified in cloud-config...
[[0;32m  OK  [0m] Reached target Multi-User System.
[[0;32m  OK  [0m] Reached target Graphical Interface.
         Starting Update UTMP about System Runlevel Changes...
[[0;32m  OK  [0m] Started Update UTMP about System Runlevel Changes.
[   15.432141] cloud-init[1358]: Generating locales (this might take a while)...
[   17.527644] cloud-init[1358]:   en_US.UTF-8... done
[   17.532203] cloud-init[1358]: Generation complete.

Ubuntu 16.04.6 LTS ubuntu-xenial ttyS0

ubuntu-xenial login: [   19.076239] cloud-init[1358]: Cloud-init v. 18.5-45-g3554ffe8-0ubuntu1~16.04.1 running 'modules:config' at Mon, 18 May 2020 08:52:39 +0000. Up 15.28 seconds.
ci-info: no authorized ssh keys fingerprints found for user ubuntu.
<14>May 18 08:52:44 ec2: 
<14>May 18 08:52:44 ec2: #############################################################
<14>May 18 08:52:44 ec2: -----BEGIN SSH HOST KEY FINGERPRINTS-----
<14>May 18 08:52:44 ec2: 1024 SHA256:jfHv4CDAaNue1iMoN+i4gCwQMd5PPVZHGf4nei4iKn4 root@ubuntu-xenial (DSA)
<14>May 18 08:52:44 ec2: 256 SHA256:KHkkDlLZ5D329kHGmjbhTvw7sepb9I0k6wJEw1DA15g root@ubuntu-xenial (ECDSA)
<14>May 18 08:52:44 ec2: 256 SHA256:U3kbXCZdOhSIENw6tf4PFV7uqSUbz84eu6Y57OePZOU root@ubuntu-xenial (ED25519)
<14>May 18 08:52:44 ec2: 2048 SHA256:2dEVmxydz0Il9wWw/Ac/g7k3OE3tSLrWZR30Fqw2lG0 root@ubuntu-xenial (RSA)
<14>May 18 08:52:44 ec2: -----END SSH HOST KEY FINGERPRINTS-----
<14>May 18 08:52:44 ec2: #############################################################
-----BEGIN SSH HOST KEY KEYS-----
ecdsa-sha2-nistp256 AAAAE2VjZHNhLXNoYTItbmlzdHAyNTYAAAAIbmlzdHAyNTYAAABBBHKYqna1YJkSkV3vU6i5l1H8GEJuzpOC75CcU0e5FlyU3C/eW4zta+W4zFYzr2R2Nd1+U/4m1+eT6FR1NmKfRJo= root@ubuntu-xenial
ssh-ed25519 AAAAC3NzaC1lZDI1NTE5AAAAIK+LqOuJHIjWcThSrBq7KPnsKTGp1l3jdm3BpA3jtgUk root@ubuntu-xenial
ssh-rsa AAAAB3NzaC1yc2EAAAADAQABAAABAQC1LrCfq+K5RalIRLw2FcpJQsPErue5kI3QYyZH8O2qIDEqv4rdfI2fcVoJBHCoggt0Yuk5IDch7HTn3htRWbEmio1b97kjJq0gWVssMgGcLiixJ6urkQDyII+Oc1Lf5ZUdEk7o3gZ8FFNWTdyHNtUbshYR6yy5E7fgH/B37kW0xhhfA/IRK/MZRMM66vkYMUZ3EBPnOArXN9FGmrXbtxfOoclG5k/dgjwCAX/+TZb/Rqi0UEMj3M6lxXTnEipro5RCHa9ViOXQOs+PJlQQcMFG2MadmIAE/N9f+pkyjaWV8E3rDtjnD/k3HRN9GmPUp4CIKoWOPHRhFm2elwWCr4N7 root@ubuntu-xenial
-----END SSH HOST KEY KEYS-----
[   20.076387] cloud-init[1607]: Cloud-init v. 18.5-45-g3554ffe8-0ubuntu1~16.04.1 running 'modules:final' at Mon, 18 May 2020 08:52:43 +0000. Up 19.82 seconds.
[   20.079704] cloud-init[1607]: ci-info: no authorized ssh keys fingerprints found for user ubuntu.
[   20.086720] cloud-init[1607]: Cloud-init v. 18.5-45-g3554ffe8-0ubuntu1~16.04.1 finished at Mon, 18 May 2020 08:52:44 +0000. Datasource DataSourceNoCloud [seed=/dev/sdb][dsmode=net].  Up 20.06 seconds
